bankdarah_mobile/android/app/build/intermediates/manifest_merge_blame_file/debug/manifest-merger-blame-debug-report.txt
1<?xml version="1.0" encoding="utf-8"?>
2<manifest xmlns:android="http://schemas.android.com/apk/res/android"
3    package="com.bankdarah"
4    android:versionCode="1"
5    android:versionName="1.0" >
6
7    <uses-sdk
8        android:minSdkVersion="21"
9        android:targetSdkVersion="33" />
10
11    <uses-permission android:name="android.permission.SYSTEM_ALERT_WINDOW" />
11-->src\debug\AndroidManifest.xml:5:5-77
11-->src\debug\AndroidManifest.xml:5:22-75
12    <uses-permission android:name="android.permission.INTERNET" />
12-->src\main\AndroidManifest.xml:3:5-67
12-->src\main\AndroidManifest.xml:3:22-64
13    <uses-permission android:name="android.permission.CAMERA" />
13-->src\main\AndroidManifest.xml:4:7-67
13-->src\main\AndroidManifest.xml:4:24-64
14    <uses-permission android:name="android.permission.RECORD_AUDIO" />
14-->src\main\AndroidManifest.xml:5:5-70
14-->src\main\AndroidManifest.xml:5:22-68
15    <uses-permission android:name="android.permission.READ_EXTERNAL_STORAGE" />
15-->src\main\AndroidManifest.xml:6:5-80
15-->src\main\AndroidManifest.xml:6:22-77
16    <uses-permission android:name="android.permission.WRITE_EXTERNAL_STORAGE" />
16-->src\main\AndroidManifest.xml:7:5-81
16-->src\main\AndroidManifest.xml:7:22-78
17    <uses-permission android:name="android.permission.ACCESS_WIFI_STATE" />
17-->[com.facebook.flipper:flipper:0.182.0] AndroidManifest.xml:16:5-76
17-->[com.facebook.flipper:flipper:0.182.0] AndroidManifest.xml:16:22-73
18
19    <application
19-->src\main\AndroidManifest.xml:10:5-29:19
20        android:name="com.bankdarah.MainApplication"
20-->src\main\AndroidManifest.xml:11:7-38
21        android:allowBackup="false"
21-->src\main\AndroidManifest.xml:15:7-34
22        android:appComponentFactory="androidx.core.app.CoreComponentFactory"
22-->[androidx.core:core:1.8.0] AndroidManifest.xml:24:18-86
23        android:debuggable="true"
24        android:icon="@mipmap/ic_launcher"
24-->src\main\AndroidManifest.xml:13:7-41
25        android:label="@string/app_name"
25-->src\main\AndroidManifest.xml:12:7-39
26        android:roundIcon="@mipmap/ic_launcher_round"
26-->src\main\AndroidManifest.xml:14:7-52
27        android:theme="@style/AppTheme"
27-->src\main\AndroidManifest.xml:16:7-38
28        android:usesCleartextTraffic="true" >
28-->src\debug\AndroidManifest.xml:8:9-44
29        <activity
29-->src\debug\AndroidManifest.xml:11:9-111
30            android:name="com.facebook.react.devsupport.DevSettingsActivity"
30-->src\debug\AndroidManifest.xml:11:19-83
31            android:exported="false" />
31-->src\debug\AndroidManifest.xml:11:84-108
32        <activity
32-->src\main\AndroidManifest.xml:17:7-28:18
33            android:name="com.bankdarah.MainActivity"
33-->src\main\AndroidManifest.xml:18:9-37
34            android:configChanges="keyboard|keyboardHidden|orientation|screenLayout|screenSize|smallestScreenSize|uiMode"
34-->src\main\AndroidManifest.xml:20:9-118
35            android:exported="true"
35-->src\main\AndroidManifest.xml:23:9-32
36            android:label="@string/app_name"
36-->src\main\AndroidManifest.xml:19:9-41
37            android:launchMode="singleTask"
37-->src\main\AndroidManifest.xml:21:9-40
38            android:windowSoftInputMode="adjustResize" >
38-->src\main\AndroidManifest.xml:22:9-51
39            <intent-filter>
39-->src\main\AndroidManifest.xml:24:9-27:25
40                <action android:name="android.intent.action.MAIN" />
40-->src\main\AndroidManifest.xml:25:13-65
40-->src\main\AndroidManifest.xml:25:21-62
41
42                <category android:name="android.intent.category.LAUNCHER" />
42-->src\main\AndroidManifest.xml:26:13-73
42-->src\main\AndroidManifest.xml:26:23-70
43            </intent-filter>
44        </activity>
45
46        <provider
46-->[:react-native-image-picker] AndroidManifest.xml:8:9-16:20
47            android:name="com.imagepicker.ImagePickerProvider"
47-->[:react-native-image-picker] AndroidManifest.xml:9:13-63
48            android:authorities="com.bankdarah.imagepickerprovider"
48-->[:react-native-image-picker] AndroidManifest.xml:10:13-71
49            android:exported="false"
49-->[:react-native-image-picker] AndroidManifest.xml:11:13-37
50            android:grantUriPermissions="true" >
50-->[:react-native-image-picker] AndroidManifest.xml:12:13-47
51            <meta-data
51-->[:react-native-image-picker] AndroidManifest.xml:13:13-15:70
52                android:name="android.support.FILE_PROVIDER_PATHS"
52-->[:react-native-image-picker] AndroidManifest.xml:14:17-67
53                android:resource="@xml/imagepicker_provider_paths" />
53-->[:react-native-image-picker] AndroidManifest.xml:15:17-67
54        </provider>
55
56        <meta-data
56-->[com.facebook.soloader:soloader:0.10.5] AndroidManifest.xml:12:9-14:37
57            android:name="com.facebook.soloader.enabled"
57-->[com.facebook.soloader:soloader:0.10.5] AndroidManifest.xml:13:13-57
58            android:value="false" />
58-->[com.facebook.soloader:soloader:0.10.5] AndroidManifest.xml:14:13-34
59
60        <provider
60-->[androidx.emoji2:emoji2:1.2.0] AndroidManifest.xml:24:9-32:20
61            android:name="androidx.startup.InitializationProvider"
61-->[androidx.emoji2:emoji2:1.2.0] AndroidManifest.xml:25:13-67
62            android:authorities="com.bankdarah.androidx-startup"
62-->[androidx.emoji2:emoji2:1.2.0] AndroidManifest.xml:26:13-68
63            android:exported="false" >
63-->[androidx.emoji2:emoji2:1.2.0] AndroidManifest.xml:27:13-37
64            <meta-data
64-->[androidx.emoji2:emoji2:1.2.0] AndroidManifest.xml:29:13-31:52
65                android:name="androidx.emoji2.text.EmojiCompatInitializer"
65-->[androidx.emoji2:emoji2:1.2.0] AndroidManifest.xml:30:17-75
66                android:value="androidx.startup" />
66-->[androidx.emoji2:emoji2:1.2.0] AndroidManifest.xml:31:17-49
67            <meta-data
67-->[androidx.lifecycle:lifecycle-process:2.4.1] AndroidManifest.xml:31:13-33:52
68                android:name="androidx.lifecycle.ProcessLifecycleInitializer"
68-->[androidx.lifecycle:lifecycle-process:2.4.1] AndroidManifest.xml:32:17-78
69                android:value="androidx.startup" />
69-->[androidx.lifecycle:lifecycle-process:2.4.1] AndroidManifest.xml:33:17-49
70        </provider>
71    </application>
72
73</manifest>